<?xml version="1.0" encoding="UTF-8"?>
<testsuite xmlns:xsi="http://www.w3.org/2001/XMLSchema-instance" xsi:noNamespaceSchemaLocation="https://maven.apache.org/surefire/maven-failsafe-plugin/xsd/failsafe-test-report.xsd" name="Como usuario , Yo quiero ingresar a la plataforma Utest para ver todos los cursos" time="73.411" tests="1" errors="0" skipped="0" failures="1">
  <properties>
[...]
</properties>
  <testcase name="Ingresar a la plataforma de Utest como usuario valido" classname="Como usuario , Yo quiero ingresar a la plataforma Utest para ver todos los cursos" time="73.411">
    <failure message="Expected validar&#10;Expected: is &lt;true&gt;&#10;     but: was &lt;false&gt;" type="java.lang.AssertionError"><![CDATA[java.lang.AssertionError: 
Expected validar
Expected: is <true>
     but: was <false>
]]></failure>
    <system-out><![CDATA[[pool-1-thread-1] INFO io.cucumber.core.plugin.SerenityReporter - Running feature from file:///C:/Users/daniel.perea/OneDrive%20-%20Valid%20Solucoes%20e%20Servicos%20em%20Meios%20de%20Pagamentos/Documentos/Automatizaciones/prueba_automatizar/src/test/resources/features/login.feature
[pool-1-thread-1] INFO  - 

-------------------------------------------------------------------------------------
     _______. _______ .______       _______ .__   __.  __  .___________.____    ____ 
    /       ||   ____||   _  \     |   ____||  \ |  | |  | |           |\   \  /   / 
   |   (----`|  |__   |  |_)  |    |  |__   |   \|  | |  | `---|  |----` \   \/   /  
    \   \    |   __|  |      /     |   __|  |  . `  | |  |     |  |       \_    _/   
.----)   |   |  |____ |  |\  \----.|  |____ |  |\   | |  |     |  |         |  |     
|_______/    |_______|| _| `._____||_______||__| \__| |__|     |__|         |__|    
                                                                                     
 News and tutorials at http://www.serenity-bdd.info                                  
 Documentation at https://wakaleo.gitbooks.io/the-serenity-book/content/             
 Join the Serenity Community on Gitter: https://gitter.im/serenity-bdd/serenity-core 
 Serenity BDD Support and Training at http://serenity-bdd.info/#/trainingandsupport  
-------------------------------------------------------------------------------------

[pool-1-thread-1] INFO  - Test Suite Started: Como usuario , Yo quiero ingresar a la plataforma Utest para ver todos los cursos
[pool-1-thread-1] ERROR  - 
  _____   ___   ___   _____     ___     _     ___   _      ___   ___  
 |_   _| | __| / __| |_   _|   | __|   /_\   |_ _| | |    | __| |   \ 
   | |   | _|  \__ \   | |     | _|   / _ \   | |  | |__  | _|  | |) |
   |_|   |___| |___/   |_|     |_|   /_/ \_\ |___| |____| |___| |___/ 

Ingresar a la plataforma de Utest como usuario valido
-----------------------------------------------------------------------
[pool-1-thread-1] ERROR  -     Test failed at step: Then validar
[pool-1-thread-1] ERROR  -     Expected validarExpected: is <true> but: was <false>

&amp#27;[31mFailed scenarios:&amp#27;[0m
file:///C:/Users/daniel.perea/OneDrive%20-%20Valid%20Solucoes%20e%20Servicos%20em%20Meios%20de%20Pagamentos/Documentos/Automatizaciones/prueba_automatizar/src/test/resources/features/login.feature:5 # Ingresar a la plataforma de Utest como usuario valido

1 Scenarios (&amp#27;[31m1 failed&amp#27;[0m)
3 Steps (&amp#27;[31m1 failed&amp#27;[0m, &amp#27;[32m2 passed&amp#27;[0m)
1m15,004s


java.lang.AssertionError: Expected validar
Expected: is <true>
     but: was <false>
	at net.serenitybdd.screenplay.ErrorTally.throwSummaryExceptionFrom(ErrorTally.java:38)
	at net.serenitybdd.screenplay.ErrorTally.reportAnyErrors(ErrorTally.java:32)
	at net.serenitybdd.screenplay.Actor.should(Actor.java:331)
	at stepdefinitions.LoginStepDefinition.elVeraLaPantallaPrincipal(LoginStepDefinition.java:46)
	at ?.El vera la pantalla principal(file:///C:/Users/daniel.perea/OneDrive%20-%20Valid%20Solucoes%20e%20Servicos%20em%20Meios%20de%20Pagamentos/Documentos/Automatizaciones/prueba_automatizar/src/test/resources/features/login.feature:10)


[pool-1-thread-1] INFO net.thucydides.core.reports.ReportService - net.thucydides.core.reports.json.JSONTestOutcomeReporter@6011504d: Generating report for test outcome: Como usuario , Yo quiero ingresar a la plataforma Utest para ver todos los cursos:Ingresar a la plataforma de Utest como usuario valido
[pool-2-thread-1] INFO net.thucydides.core.reports.ReportService - net.thucydides.core.reports.html.HtmlAcceptanceTestReporter@7f010d82: Generating report for test outcome: Como usuario , Yo quiero ingresar a la plataforma Utest para ver todos los cursos:Ingresar a la plataforma de Utest como usuario valido
[pool-2-thread-1] INFO org.reflections.Reflections - Reflections took 71 ms to scan 13 urls, producing 0 keys and 0 values 
[pool-2-thread-1] WARN net.thucydides.core.requirements.RequirementsTagProvider - Failed to load requirements: Scanner SubTypesScanner was not configured
org.reflections.ReflectionsException: Scanner SubTypesScanner was not configured
	at org.reflections.Store.get(Store.java:39)
	at org.reflections.Store.get(Store.java:61)
	at org.reflections.Store.get(Store.java:46)
	at org.reflections.Store.getAll(Store.java:93)
	at org.reflections.Reflections.getSubTypesOf(Reflections.java:404)
	at net.thucydides.core.requirements.PackageRequirementsTagProvider.findAllClassesUsingReflectionsLibrary(PackageRequirementsTagProvider.java:180)
	at net.thucydides.core.requirements.PackageRequirementsTagProvider.requirementPathsFromClassesInPackage(PackageRequirementsTagProvider.java:170)
	at net.thucydides.core.requirements.PackageRequirementsTagProvider.requirementPathsStartingFrom(PackageRequirementsTagProvider.java:161)
	at net.thucydides.core.requirements.PackageRequirementsTagProvider.requirementsReadFromClasspath(PackageRequirementsTagProvider.java:120)
	at net.thucydides.core.requirements.PackageRequirementsTagProvider.fetchRequirements(PackageRequirementsTagProvider.java:103)
	at net.thucydides.core.requirements.PackageRequirementsTagProvider.getRequirements(PackageRequirementsTagProvider.java:94)
	at net.thucydides.core.requirements.RequirementsProvided.by(RequirementsProvided.java:15)
	at net.thucydides.core.requirements.MultiSourceRequirementsService.getRequirements(MultiSourceRequirementsService.java:40)
	at net.thucydides.core.requirements.BaseRequirementsService.getRequirementTypes(BaseRequirementsService.java:197)
	at net.thucydides.core.reports.html.HtmlAcceptanceTestReporter.addTestOutcomeToContext(HtmlAcceptanceTestReporter.java:188)
	at net.thucydides.core.reports.html.HtmlAcceptanceTestReporter.generateReportFor(HtmlAcceptanceTestReporter.java:105)
	at net.thucydides.core.reports.ReportService.generateReportFor(ReportService.java:246)
	at net.thucydides.core.reports.ReportService.lambda$generateReportsFor$0(ReportService.java:184)
	at java.util.concurrent.Executors$RunnableAdapter.call(Executors.java:511)
	at java.util.concurrent.FutureTask.run(FutureTask.java:266)
	at java.util.concurrent.ThreadPoolExecutor.runWorker(ThreadPoolExecutor.java:1149)
	at java.util.concurrent.ThreadPoolExecutor$Worker.run(ThreadPoolExecutor.java:624)
	at java.lang.Thread.run(Thread.java:748)
[pool-2-thread-1] INFO org.reflections.Reflections - Reflections took 52 ms to scan 13 urls, producing 0 keys and 0 values 
[pool-2-thread-1] WARN net.thucydides.core.requirements.RequirementsTagProvider - Failed to load requirements: Scanner SubTypesScanner was not configured
org.reflections.ReflectionsException: Scanner SubTypesScanner was not configured
	at org.reflections.Store.get(Store.java:39)
	at org.reflections.Store.get(Store.java:61)
	at org.reflections.Store.get(Store.java:46)
	at org.reflections.Store.getAll(Store.java:93)
	at org.reflections.Reflections.getSubTypesOf(Reflections.java:404)
	at net.thucydides.core.requirements.PackageRequirementsTagProvider.findAllClassesUsingReflectionsLibrary(PackageRequirementsTagProvider.java:180)
	at net.thucydides.core.requirements.PackageRequirementsTagProvider.requirementPathsFromClassesInPackage(PackageRequirementsTagProvider.java:170)
	at net.thucydides.core.requirements.PackageRequirementsTagProvider.requirementPathsStartingFrom(PackageRequirementsTagProvider.java:161)
	at net.thucydides.core.requirements.PackageRequirementsTagProvider.requirementsReadFromClasspath(PackageRequirementsTagProvider.java:120)
	at net.thucydides.core.requirements.PackageRequirementsTagProvider.fetchRequirements(PackageRequirementsTagProvider.java:103)
	at net.thucydides.core.requirements.PackageRequirementsTagProvider.getRequirements(PackageRequirementsTagProvider.java:94)
	at net.thucydides.core.requirements.PackageRequirementsTagProvider.getTestCaseRequirementOf(PackageRequirementsTagProvider.java:244)
	at net.thucydides.core.requirements.PackageRequirementsTagProvider.getParentRequirementOf(PackageRequirementsTagProvider.java:233)
	at net.thucydides.core.requirements.ParentRequirementsProvided.forOutcome(ParentRequirementsProvided.java:26)
	at net.thucydides.core.requirements.BaseRequirementsService.getParentRequirementOf(BaseRequirementsService.java:138)
	at net.thucydides.core.requirements.BaseRequirementsService.getParentRequirementFor(BaseRequirementsService.java:48)
	at net.thucydides.core.reports.html.HtmlAcceptanceTestReporter.addParentRequirmentFieldToContext(HtmlAcceptanceTestReporter.java:196)
	at net.thucydides.core.reports.html.HtmlAcceptanceTestReporter.addTestOutcomeToContext(HtmlAcceptanceTestReporter.java:190)
	at net.thucydides.core.reports.html.HtmlAcceptanceTestReporter.generateReportFor(HtmlAcceptanceTestReporter.java:105)
	at net.thucydides.core.reports.ReportService.generateReportFor(ReportService.java:246)
	at net.thucydides.core.reports.ReportService.lambda$generateReportsFor$0(ReportService.java:184)
	at java.util.concurrent.Executors$RunnableAdapter.call(Executors.java:511)
	at java.util.concurrent.FutureTask.run(FutureTask.java:266)
	at java.util.concurrent.ThreadPoolExecutor.runWorker(ThreadPoolExecutor.java:1149)
	at java.util.concurrent.ThreadPoolExecutor$Worker.run(ThreadPoolExecutor.java:624)
	at java.lang.Thread.run(Thread.java:748)
[pool-2-thread-1] INFO org.reflections.Reflections - Reflections took 32 ms to scan 13 urls, producing 0 keys and 0 values 
[pool-2-thread-1] WARN net.thucydides.core.requirements.RequirementsTagProvider - Failed to load requirements: Scanner SubTypesScanner was not configured
org.reflections.ReflectionsException: Scanner SubTypesScanner was not configured
	at org.reflections.Store.get(Store.java:39)
	at org.reflections.Store.get(Store.java:61)
	at org.reflections.Store.get(Store.java:46)
	at org.reflections.Store.getAll(Store.java:93)
	at org.reflections.Reflections.getSubTypesOf(Reflections.java:404)
	at net.thucydides.core.requirements.PackageRequirementsTagProvider.findAllClassesUsingReflectionsLibrary(PackageRequirementsTagProvider.java:180)
	at net.thucydides.core.requirements.PackageRequirementsTagProvider.requirementPathsFromClassesInPackage(PackageRequirementsTagProvider.java:170)
	at net.thucydides.core.requirements.PackageRequirementsTagProvider.requirementPathsStartingFrom(PackageRequirementsTagProvider.java:161)
	at net.thucydides.core.requirements.PackageRequirementsTagProvider.requirementsReadFromClasspath(PackageRequirementsTagProvider.java:120)
	at net.thucydides.core.requirements.PackageRequirementsTagProvider.fetchRequirements(PackageRequirementsTagProvider.java:103)
	at net.thucydides.core.requirements.PackageRequirementsTagProvider.getRequirements(PackageRequirementsTagProvider.java:94)
	at net.thucydides.core.requirements.PackageRequirementsTagProvider.getTestCaseRequirementOf(PackageRequirementsTagProvider.java:244)
	at net.thucydides.core.requirements.PackageRequirementsTagProvider.getParentRequirementOf(PackageRequirementsTagProvider.java:233)
	at net.thucydides.core.requirements.ParentRequirementsProvided.forOutcome(ParentRequirementsProvided.java:26)
	at net.thucydides.core.requirements.BaseRequirementsService.getParentRequirementOf(BaseRequirementsService.java:138)
	at net.thucydides.core.requirements.BaseRequirementsService.getAncestorRequirementsFor(BaseRequirementsService.java:78)
	at net.thucydides.core.reports.html.HtmlAcceptanceTestReporter.addBreadcrumbs(HtmlAcceptanceTestReporter.java:226)
	at net.thucydides.core.reports.html.HtmlAcceptanceTestReporter.addParentRequirmentFieldToContext(HtmlAcceptanceTestReporter.java:214)
	at net.thucydides.core.reports.html.HtmlAcceptanceTestReporter.addTestOutcomeToContext(HtmlAcceptanceTestReporter.java:190)
	at net.thucydides.core.reports.html.HtmlAcceptanceTestReporter.generateReportFor(HtmlAcceptanceTestReporter.java:105)
	at net.thucydides.core.reports.ReportService.generateReportFor(ReportService.java:246)
	at net.thucydides.core.reports.ReportService.lambda$generateReportsFor$0(ReportService.java:184)
	at java.util.concurrent.Executors$RunnableAdapter.call(Executors.java:511)
	at java.util.concurrent.FutureTask.run(FutureTask.java:266)
	at java.util.concurrent.ThreadPoolExecutor.runWorker(ThreadPoolExecutor.java:1149)
	at java.util.concurrent.ThreadPoolExecutor$Worker.run(ThreadPoolExecutor.java:624)
	at java.lang.Thread.run(Thread.java:748)
[pool-2-thread-1] INFO org.reflections.Reflections - Reflections took 23 ms to scan 13 urls, producing 0 keys and 0 values 
[pool-2-thread-1] WARN net.thucydides.core.requirements.RequirementsTagProvider - Failed to load requirements: Scanner SubTypesScanner was not configured
org.reflections.ReflectionsException: Scanner SubTypesScanner was not configured
	at org.reflections.Store.get(Store.java:39)
	at org.reflections.Store.get(Store.java:61)
	at org.reflections.Store.get(Store.java:46)
	at org.reflections.Store.getAll(Store.java:93)
	at org.reflections.Reflections.getSubTypesOf(Reflections.java:404)
	at net.thucydides.core.requirements.PackageRequirementsTagProvider.findAllClassesUsingReflectionsLibrary(PackageRequirementsTagProvider.java:180)
	at net.thucydides.core.requirements.PackageRequirementsTagProvider.requirementPathsFromClassesInPackage(PackageRequirementsTagProvider.java:170)
	at net.thucydides.core.requirements.PackageRequirementsTagProvider.requirementPathsStartingFrom(PackageRequirementsTagProvider.java:161)
	at net.thucydides.core.requirements.PackageRequirementsTagProvider.requirementsReadFromClasspath(PackageRequirementsTagProvider.java:120)
	at net.thucydides.core.requirements.PackageRequirementsTagProvider.fetchRequirements(PackageRequirementsTagProvider.java:103)
	at net.thucydides.core.requirements.PackageRequirementsTagProvider.getRequirements(PackageRequirementsTagProvider.java:94)
	at net.thucydides.core.requirements.PackageRequirementsTagProvider.getTestCaseRequirementOf(PackageRequirementsTagProvider.java:244)
	at net.thucydides.core.requirements.PackageRequirementsTagProvider.getParentRequirementOf(PackageRequirementsTagProvider.java:233)
	at net.thucydides.core.requirements.ParentRequirementsProvided.forOutcome(ParentRequirementsProvided.java:26)
	at net.thucydides.core.requirements.BaseRequirementsService.getParentRequirementOf(BaseRequirementsService.java:138)
	at net.thucydides.core.requirements.BaseRequirementsService.getAncestorRequirementsFor(BaseRequirementsService.java:78)
	at net.thucydides.core.tags.BreadcrumbTagFilter.getRequirementBreadcrumbsFrom(BreadcrumbTagFilter.java:51)
	at net.thucydides.core.reports.html.HtmlAcceptanceTestReporter.addBreadcrumbs(HtmlAcceptanceTestReporter.java:227)
	at net.thucydides.core.reports.html.HtmlAcceptanceTestReporter.addParentRequirmentFieldToContext(HtmlAcceptanceTestReporter.java:214)
	at net.thucydides.core.reports.html.HtmlAcceptanceTestReporter.addTestOutcomeToContext(HtmlAcceptanceTestReporter.java:190)
	at net.thucydides.core.reports.html.HtmlAcceptanceTestReporter.generateReportFor(HtmlAcceptanceTestReporter.java:105)
	at net.thucydides.core.reports.ReportService.generateReportFor(ReportService.java:246)
	at net.thucydides.core.reports.ReportService.lambda$generateReportsFor$0(ReportService.java:184)
	at java.util.concurrent.Executors$RunnableAdapter.call(Executors.java:511)
	at java.util.concurrent.FutureTask.run(FutureTask.java:266)
	at java.util.concurrent.ThreadPoolExecutor.runWorker(ThreadPoolExecutor.java:1149)
	at java.util.concurrent.ThreadPoolExecutor$Worker.run(ThreadPoolExecutor.java:624)
	at java.lang.Thread.run(Thread.java:748)
[pool-2-thread-1] INFO org.reflections.Reflections - Reflections took 30 ms to scan 13 urls, producing 0 keys and 0 values 
[pool-2-thread-1] WARN net.thucydides.core.requirements.RequirementsTagProvider - Failed to load requirements: Scanner SubTypesScanner was not configured
org.reflections.ReflectionsException: Scanner SubTypesScanner was not configured
	at org.reflections.Store.get(Store.java:39)
	at org.reflections.Store.get(Store.java:61)
	at org.reflections.Store.get(Store.java:46)
	at org.reflections.Store.getAll(Store.java:93)
	at org.reflections.Reflections.getSubTypesOf(Reflections.java:404)
	at net.thucydides.core.requirements.PackageRequirementsTagProvider.findAllClassesUsingReflectionsLibrary(PackageRequirementsTagProvider.java:180)
	at net.thucydides.core.requirements.PackageRequirementsTagProvider.requirementPathsFromClassesInPackage(PackageRequirementsTagProvider.java:170)
	at net.thucydides.core.requirements.PackageRequirementsTagProvider.requirementPathsStartingFrom(PackageRequirementsTagProvider.java:161)
	at net.thucydides.core.requirements.PackageRequirementsTagProvider.requirementsReadFromClasspath(PackageRequirementsTagProvider.java:120)
	at net.thucydides.core.requirements.PackageRequirementsTagProvider.fetchRequirements(PackageRequirementsTagProvider.java:103)
	at net.thucydides.core.requirements.PackageRequirementsTagProvider.getRequirements(PackageRequirementsTagProvider.java:94)
	at net.thucydides.core.requirements.PackageRequirementsTagProvider.getTestCaseRequirementOf(PackageRequirementsTagProvider.java:244)
	at net.thucydides.core.requirements.PackageRequirementsTagProvider.getParentRequirementOf(PackageRequirementsTagProvider.java:233)
	at net.thucydides.core.requirements.ParentRequirementsProvided.forOutcome(ParentRequirementsProvided.java:26)
	at net.thucydides.core.requirements.BaseRequirementsService.getParentRequirementOf(BaseRequirementsService.java:138)
	at net.thucydides.core.requirements.BaseRequirementsService.getParentRequirementFor(BaseRequirementsService.java:48)
	at net.thucydides.core.reports.html.HtmlAcceptanceTestReporter.addParentRequirmentFieldToContext(HtmlAcceptanceTestReporter.java:196)
	at net.thucydides.core.reports.html.HtmlAcceptanceTestReporter.addTestOutcomeToContext(HtmlAcceptanceTestReporter.java:190)
	at net.thucydides.core.reports.html.HtmlAcceptanceTestReporter.generateScreenshotReportsFor(HtmlAcceptanceTestReporter.java:254)
	at net.thucydides.core.reports.html.HtmlAcceptanceTestReporter.generateReportFor(HtmlAcceptanceTestReporter.java:108)
	at net.thucydides.core.reports.ReportService.generateReportFor(ReportService.java:246)
	at net.thucydides.core.reports.ReportService.lambda$generateReportsFor$0(ReportService.java:184)
	at java.util.concurrent.Executors$RunnableAdapter.call(Executors.java:511)
	at java.util.concurrent.FutureTask.run(FutureTask.java:266)
	at java.util.concurrent.ThreadPoolExecutor.runWorker(ThreadPoolExecutor.java:1149)
	at java.util.concurrent.ThreadPoolExecutor$Worker.run(ThreadPoolExecutor.java:624)
	at java.lang.Thread.run(Thread.java:748)
[pool-2-thread-1] INFO org.reflections.Reflections - Reflections took 32 ms to scan 13 urls, producing 0 keys and 0 values 
[pool-2-thread-1] WARN net.thucydides.core.requirements.RequirementsTagProvider - Failed to load requirements: Scanner SubTypesScanner was not configured
org.reflections.ReflectionsException: Scanner SubTypesScanner was not configured
	at org.reflections.Store.get(Store.java:39)
	at org.reflections.Store.get(Store.java:61)
	at org.reflections.Store.get(Store.java:46)
	at org.reflections.Store.getAll(Store.java:93)
	at org.reflections.Reflections.getSubTypesOf(Reflections.java:404)
	at net.thucydides.core.requirements.PackageRequirementsTagProvider.findAllClassesUsingReflectionsLibrary(PackageRequirementsTagProvider.java:180)
	at net.thucydides.core.requirements.PackageRequirementsTagProvider.requirementPathsFromClassesInPackage(PackageRequirementsTagProvider.java:170)
	at net.thucydides.core.requirements.PackageRequirementsTagProvider.requirementPathsStartingFrom(PackageRequirementsTagProvider.java:161)
	at net.thucydides.core.requirements.PackageRequirementsTagProvider.requirementsReadFromClasspath(PackageRequirementsTagProvider.java:120)
	at net.thucydides.core.requirements.PackageRequirementsTagProvider.fetchRequirements(PackageRequirementsTagProvider.java:103)
	at net.thucydides.core.requirements.PackageRequirementsTagProvider.getRequirements(PackageRequirementsTagProvider.java:94)
	at net.thucydides.core.requirements.PackageRequirementsTagProvider.getTestCaseRequirementOf(PackageRequirementsTagProvider.java:244)
	at net.thucydides.core.requirements.PackageRequirementsTagProvider.getParentRequirementOf(PackageRequirementsTagProvider.java:233)
	at net.thucydides.core.requirements.ParentRequirementsProvided.forOutcome(ParentRequirementsProvided.java:26)
	at net.thucydides.core.requirements.BaseRequirementsService.getParentRequirementOf(BaseRequirementsService.java:138)
	at net.thucydides.core.requirements.BaseRequirementsService.getAncestorRequirementsFor(BaseRequirementsService.java:78)
	at net.thucydides.core.reports.html.HtmlAcceptanceTestReporter.addBreadcrumbs(HtmlAcceptanceTestReporter.java:226)
	at net.thucydides.core.reports.html.HtmlAcceptanceTestReporter.addParentRequirmentFieldToContext(HtmlAcceptanceTestReporter.java:214)
	at net.thucydides.core.reports.html.HtmlAcceptanceTestReporter.addTestOutcomeToContext(HtmlAcceptanceTestReporter.java:190)
	at net.thucydides.core.reports.html.HtmlAcceptanceTestReporter.generateScreenshotReportsFor(HtmlAcceptanceTestReporter.java:254)
	at net.thucydides.core.reports.html.HtmlAcceptanceTestReporter.generateReportFor(HtmlAcceptanceTestReporter.java:108)
	at net.thucydides.core.reports.ReportService.generateReportFor(ReportService.java:246)
	at net.thucydides.core.reports.ReportService.lambda$generateReportsFor$0(ReportService.java:184)
	at java.util.concurrent.Executors$RunnableAdapter.call(Executors.java:511)
	at java.util.concurrent.FutureTask.run(FutureTask.java:266)
	at java.util.concurrent.ThreadPoolExecutor.runWorker(ThreadPoolExecutor.java:1149)
	at java.util.concurrent.ThreadPoolExecutor$Worker.run(ThreadPoolExecutor.java:624)
	at java.lang.Thread.run(Thread.java:748)
[pool-2-thread-1] INFO org.reflections.Reflections - Reflections took 34 ms to scan 13 urls, producing 0 keys and 0 values 
[pool-2-thread-1] WARN net.thucydides.core.requirements.RequirementsTagProvider - Failed to load requirements: Scanner SubTypesScanner was not configured
org.reflections.ReflectionsException: Scanner SubTypesScanner was not configured
	at org.reflections.Store.get(Store.java:39)
	at org.reflections.Store.get(Store.java:61)
	at org.reflections.Store.get(Store.java:46)
	at org.reflections.Store.getAll(Store.java:93)
	at org.reflections.Reflections.getSubTypesOf(Reflections.java:404)
	at net.thucydides.core.requirements.PackageRequirementsTagProvider.findAllClassesUsingReflectionsLibrary(PackageRequirementsTagProvider.java:180)
	at net.thucydides.core.requirements.PackageRequirementsTagProvider.requirementPathsFromClassesInPackage(PackageRequirementsTagProvider.java:170)
	at net.thucydides.core.requirements.PackageRequirementsTagProvider.requirementPathsStartingFrom(PackageRequirementsTagProvider.java:161)
	at net.thucydides.core.requirements.PackageRequirementsTagProvider.requirementsReadFromClasspath(PackageRequirementsTagProvider.java:120)
	at net.thucydides.core.requirements.PackageRequirementsTagProvider.fetchRequirements(PackageRequirementsTagProvider.java:103)
	at net.thucydides.core.requirements.PackageRequirementsTagProvider.getRequirements(PackageRequirementsTagProvider.java:94)
	at net.thucydides.core.requirements.PackageRequirementsTagProvider.getTestCaseRequirementOf(PackageRequirementsTagProvider.java:244)
	at net.thucydides.core.requirements.PackageRequirementsTagProvider.getParentRequirementOf(PackageRequirementsTagProvider.java:233)
	at net.thucydides.core.requirements.ParentRequirementsProvided.forOutcome(ParentRequirementsProvided.java:26)
	at net.thucydides.core.requirements.BaseRequirementsService.getParentRequirementOf(BaseRequirementsService.java:138)
	at net.thucydides.core.requirements.BaseRequirementsService.getAncestorRequirementsFor(BaseRequirementsService.java:78)
	at net.thucydides.core.tags.BreadcrumbTagFilter.getRequirementBreadcrumbsFrom(BreadcrumbTagFilter.java:51)
	at net.thucydides.core.reports.html.HtmlAcceptanceTestReporter.addBreadcrumbs(HtmlAcceptanceTestReporter.java:227)
	at net.thucydides.core.reports.html.HtmlAcceptanceTestReporter.addParentRequirmentFieldToContext(HtmlAcceptanceTestReporter.java:214)
	at net.thucydides.core.reports.html.HtmlAcceptanceTestReporter.addTestOutcomeToContext(HtmlAcceptanceTestReporter.java:190)
	at net.thucydides.core.reports.html.HtmlAcceptanceTestReporter.generateScreenshotReportsFor(HtmlAcceptanceTestReporter.java:254)
	at net.thucydides.core.reports.html.HtmlAcceptanceTestReporter.generateReportFor(HtmlAcceptanceTestReporter.java:108)
	at net.thucydides.core.reports.ReportService.generateReportFor(ReportService.java:246)
	at net.thucydides.core.reports.ReportService.lambda$generateReportsFor$0(ReportService.java:184)
	at java.util.concurrent.Executors$RunnableAdapter.call(Executors.java:511)
	at java.util.concurrent.FutureTask.run(FutureTask.java:266)
	at java.util.concurrent.ThreadPoolExecutor.runWorker(ThreadPoolExecutor.java:1149)
	at java.util.concurrent.ThreadPoolExecutor$Worker.run(ThreadPoolExecutor.java:624)
	at java.lang.Thread.run(Thread.java:748)
[pool-1-thread-1] INFO io.cucumber.core.plugin.SerenityReporter - Cleanup test resources for URI file:///C:/Users/daniel.perea/OneDrive%20-%20Valid%20Solucoes%20e%20Servicos%20em%20Meios%20de%20Pagamentos/Documentos/Automatizaciones/prueba_automatizar/src/test/resources/features/login.feature
]]></system-out>
    <system-err><![CDATA[[pool-1-thread-1] INFO io.cucumber.core.plugin.SerenityReporter - Running feature from file:///C:/Users/daniel.perea/OneDrive%20-%20Valid%20Solucoes%20e%20Servicos%20em%20Meios%20de%20Pagamentos/Documentos/Automatizaciones/prueba_automatizar/src/test/resources/features/login.feature
[pool-1-thread-1] INFO  - 
  _____   ___   ___   _____     ___   _____     _     ___   _____   ___   ___  
 |_   _| | __| / __| |_   _|   / __| |_   _|   /_\   | _ \ |_   _| | __| |   \ 
   | |   | _|  \__ \   | |     \__ \   | |    / _ \  |   /   | |   | _|  | |) |
   |_|   |___| |___/   |_|     |___/   |_|   /_/ \_\ |_|_\   |_|   |___| |___/ 

Ingresar a la plataforma de Utest como usuario valido(como-usuario---yo-quiero-ingresar-a-la-plataforma-utest-para-ver-todos-los-cursos;ingresar-a-la-plataforma-de-utest-como-usuario-valido)
--------------------------------------------------------------------------------
[pool-1-thread-1] INFO net.thucydides.core.model.TestOutcome - SetUserStory Como usuario , Yo quiero ingresar a la plataforma Utest para ver todos los cursos
[pool-1-thread-1] INFO net.thucydides.core.model.TestOutcome - SetUserStory Como usuario , Yo quiero ingresar a la plataforma Utest para ver todos los cursos
[pool-1-thread-1] INFO net.serenitybdd.core.webdriver.driverproviders.ChromeDriverProvider - Using automatically driver download
[pool-1-thread-1] INFO io.github.bonigarcia.wdm.WebDriverManager - Using chromedriver 105.0.5195.52 (resolved driver for Chrome 105)
[pool-1-thread-1] INFO io.github.bonigarcia.wdm.WebDriverManager - Exporting webdriver.chrome.driver as C:\Users\daniel.perea\.cache\selenium\chromedriver\win32\105.0.5195.52\chromedriver.exe
[pool-1-thread-1] INFO net.serenitybdd.core.webdriver.driverproviders.ProvideNewDriver - Instantiating driver
[pool-1-thread-1] INFO net.serenitybdd.core.webdriver.driverproviders.ProvideNewDriver - Driver capabilities: Capabilities {.driver: chromedriver.exe, acceptInsecureCerts: false, browserName: chrome, driver: chrome, goog:chromeOptions: {args: [--start-maximized], extensions: [], prefs: {download.default_directory: C:\Users\daniel.perea\OneDr..., download.prompt_for_download: false, profile.default_content_settings.popupsy: 0}}, loggingPrefs: org.openqa.selenium.logging..., timeouts.implicitlywait: 30000, wait.for.timeout: 10000}
Starting ChromeDriver 105.0.5195.52 (412c95e518836d8a7d97250d62b29c2ae6a26a85-refs/branch-heads/5195@{#853}) on port 26313
Only local connections are allowed.
Please see https://chromedriver.chromium.org/security-considerations for suggestions on keeping ChromeDriver safe.
ChromeDriver was started successfully.
sep 16, 2022 8:35:19 AM org.openqa.selenium.remote.ProtocolHandshake createSession
INFORMACIÓN: Detected dialect: W3C
]]></system-err>
  </testcase>
</testsuite>